<?xml version="1.0" encoding="UTF-8" ?>
<testsuite tests="3" failures="0" name="RunCukesTest" time="63.851" errors="1" skipped="0">
  <properties>
[...]
</properties>
  <testcase classname="Send an email with an image attachment" name="Email sent with an image attachment (Normal flow)" time="15.721"/>
  <testcase classname="Send an email with an image attachment" name="Alternate Email sent with an image attachment (Alternate flow)" time="13.7"/>
  <testcase classname="Send an email with an image attachment" name="Error Email sent with an image attachment (Error flow)" time="34.43">
    <error message="permission denied
Build info: version: &apos;3.9.1&apos;, revision: &apos;63f7b50&apos;, time: &apos;2018-02-07T22:25:02.294Z&apos;
System info: host: &apos;DESKTOP-DK0N85S&apos;, ip: &apos;192.168.174.1&apos;, os.name: &apos;Windows 10&apos;, os.arch: &apos;amd64&apos;, os.version: &apos;10.0&apos;, java.version: &apos;1.8.0_181&apos;
Driver info: driver.version: FirefoxDriver
remote stacktrace: " type="org.openqa.selenium.WebDriverException">org.openqa.selenium.WebDriverException: permission denied
Build info: version: &apos;3.9.1&apos;, revision: &apos;63f7b50&apos;, time: &apos;2018-02-07T22:25:02.294Z&apos;
System info: host: &apos;DESKTOP-DK0N85S&apos;, ip: &apos;192.168.174.1&apos;, os.name: &apos;Windows 10&apos;, os.arch: &apos;amd64&apos;, os.version: &apos;10.0&apos;, java.version: &apos;1.8.0_181&apos;
Driver info: driver.version: FirefoxDriver
remote stacktrace: 
	at sun.reflect.NativeConstructorAccessorImpl.newInstance0(Native Method)
	at sun.reflect.NativeConstructorAccessorImpl.newInstance(NativeConstructorAccessorImpl.java:62)
	at sun.reflect.DelegatingConstructorAccessorImpl.newInstance(DelegatingConstructorAccessorImpl.java:45)
	at java.lang.reflect.Constructor.newInstance(Constructor.java:423)
	at org.openqa.selenium.remote.W3CHandshakeResponse.lambda$new$0(W3CHandshakeResponse.java:57)
	at org.openqa.selenium.remote.W3CHandshakeResponse.lambda$getResponseFunction$2(W3CHandshakeResponse.java:104)
	at org.openqa.selenium.remote.ProtocolHandshake.lambda$createSession$0(ProtocolHandshake.java:123)
	at java.util.stream.ReferencePipeline$3$1.accept(ReferencePipeline.java:193)
	at java.util.Spliterators$ArraySpliterator.tryAdvance(Spliterators.java:958)
	at java.util.stream.ReferencePipeline.forEachWithCancel(ReferencePipeline.java:126)
	at java.util.stream.AbstractPipeline.copyIntoWithCancel(AbstractPipeline.java:498)
	at java.util.stream.AbstractPipeline.copyInto(AbstractPipeline.java:485)
	at java.util.stream.AbstractPipeline.wrapAndCopyInto(AbstractPipeline.java:471)
	at java.util.stream.FindOps$FindOp.evaluateSequential(FindOps.java:152)
	at java.util.stream.AbstractPipeline.evaluate(AbstractPipeline.java:234)
	at java.util.stream.ReferencePipeline.findFirst(ReferencePipeline.java:464)
	at org.openqa.selenium.remote.ProtocolHandshake.createSession(ProtocolHandshake.java:126)
	at org.openqa.selenium.remote.ProtocolHandshake.createSession(ProtocolHandshake.java:73)
	at org.openqa.selenium.remote.HttpCommandExecutor.execute(HttpCommandExecutor.java:138)
	at org.openqa.selenium.remote.service.DriverCommandExecutor.execute(DriverCommandExecutor.java:83)
	at org.openqa.selenium.remote.RemoteWebDriver.execute(RemoteWebDriver.java:601)
	at org.openqa.selenium.remote.RemoteWebDriver.startSession(RemoteWebDriver.java:219)
	at org.openqa.selenium.remote.RemoteWebDriver.&lt;init&gt;(RemoteWebDriver.java:142)
	at org.openqa.selenium.firefox.FirefoxDriver.&lt;init&gt;(FirefoxDriver.java:120)
	at org.openqa.selenium.firefox.FirefoxDriver.&lt;init&gt;(FirefoxDriver.java:98)
	at ca.mcgill.ecse428.StepDefs.iAmLoggedIntoMyEmailAccount(StepDefs.java:38)
	at ✽.I am logged into my email account(src/test/resource/sendEmailWithImage.feature:33)
</error>
    <system-err>1552205586095	mozrunner::runner	INFO	Running command: &quot;C:\\Program Files\\Mozilla Firefox\\firefox.exe&quot; &quot;-marionette&quot; &quot;-foreground&quot; &quot;-no-remote&quot; &quot;-profile&quot; &quot;C:\\Users\\Nicolas\\AppData\\Local\\Temp\\rust_mozprofile.z4jBSW5wZJ3e&quot;
1552205588013	addons.webextension.screenshots@mozilla.org	WARN	Loading extension &apos;screenshots@mozilla.org&apos;: Reading manifest: Invalid host permission: resource://pdf.js/
1552205588013	addons.webextension.screenshots@mozilla.org	WARN	Loading extension &apos;screenshots@mozilla.org&apos;: Reading manifest: Invalid host permission: about:reader*
[GFX1-]: Failed to connect GPU process
JavaScript error: resource://gre/modules/WebProgressChild.jsm, line 58: TypeError: this.mm.content is null
[Parent 8352, Gecko_IOThread] WARNING: pipe error: 109: file z:/build/build/src/ipc/chromium/src/chrome/common/ipc_channel_win.cc, line 332

###!!! [Parent][MessageChannel] Error: (msgtype=0xF000E,name=PBackgroundIDBVersionChangeTransaction::Msg___delete__) Channel closing: too late to send/recv, messages will be lost

IPDL protocol error: Handler returned error code!

###!!! [Parent][DispatchAsyncMessage] Error: PBackgroundIDBVersionChangeTransaction::Msg_DeleteMe Processing error: message was deserialized, but the handler returned false (indicating failure)

[Parent 7256, Gecko_IOThread] WARNING: pipe error: 109: file z:/build/build/src/ipc/chromium/src/chrome/common/ipc_channel_win.cc, line 332
[Child 18428, Chrome_ChildThread] WARNING: pipe error: 109: file z:/build/build/src/ipc/chromium/src/chrome/common/ipc_channel_win.cc, line 332
[Child 18428, Chrome_ChildThread] WARNING: pipe error: 109: file z:/build/build/src/ipc/chromium/src/c[Child 21764, Chrome_ChildThread] WARNING: pipe error: 109: file z:/build/build/src/ipc/chromium/src/chrome/common/ipc_channel_win.cc, line 332
[Child 217641552205617335	Marionette	INFO	Listening on port 57543
[Child 22400, Chrome_ChildThread] WARNING: pipe error: 109: file z:/build/build/src/ipc/chromium/src/chrome/common/ipc_channel_win.cc, line 332
[Child 22400, Chrome_ChildThread] WARNING: pipe error: 11552205618330	Marionette	INFO	Stopped listening on port 57485

###!!! [Child][RunMessage] Error: Channel closing: too late to send/recv, messages will be lost

[GPU 8708, Chrome_ChildThread] WARNING: pipe e
###!!! [Child][MessageChannel::SendAndWait] Error: Channel error: cannot send/recv

1552205619425	Marionette	INFO	Stopped listening on port 57543
</system-err>
  </testcase>
</testsuite>